Flutter crash report; please file at https://github.com/flutter/flutter/issues.

## command

flutter pub get

## exception

FileSystemException: FileSystemException: Cannot retrieve modification time, path = 'C:\Users\vinee\OneDrive\Desktop\LoveBank\lovebank-frontend\.git-rewrite\t\flutter_lovebank\pubspec.yaml' (OS Error: The system cannot find the file specified.
, errno = 2)

```
#0      _File.throwIfError (dart:io/file_impl.dart:645:7)
#1      _File.lastModifiedSync (dart:io/file_impl.dart:449:5)
#2      ForwardingFile.lastModifiedSync (package:file/src/forwarding/forwarding_file.dart:55:43)
#3      ForwardingFile.lastModifiedSync (package:file/src/forwarding/forwarding_file.dart:55:43)
#4      _DefaultPub.get (package:flutter_tools/src/dart/pub.dart:196:21)
#5      _rootRunUnary (dart:async/zone.dart:1192:38)
#6      _CustomZone.runUnary (dart:async/zone.dart:1085:19)
#7      _FutureListener.handleValue (dart:async/future_impl.dart:141:18)
#8      Future._propagateToListeners.handleValueCallback (dart:async/future_impl.dart:682:45)
#9      Future._propagateToListeners (dart:async/future_impl.dart:711:32)
#10     Future._completeWithValue (dart:async/future_impl.dart:526:5)
#11     _AsyncAwaitCompleter.complete (dart:async-patch/async_patch.dart:36:15)
#12     _completeOnAsyncReturn (dart:async-patch/async_patch.dart:298:13)
#13     _DefaultPub.batch (package:flutter_tools/src/dart/pub.dart)
#14     _rootRunUnary (dart:async/zone.dart:1192:38)
#15     _CustomZone.runUnary (dart:async/zone.dart:1085:19)
#16     _FutureListener.handleValue (dart:async/future_impl.dart:141:18)
#17     Future._propagateToListeners.handleValueCallback (dart:async/future_impl.dart:682:45)
#18     Future._propagateToListeners (dart:async/future_impl.dart:711:32)
#19     Future._completeWithValue (dart:async/future_impl.dart:526:5)
#20     _AsyncAwaitCompleter.complete (dart:async-patch/async_patch.dart:36:15)
#21     _completeOnAsyncReturn (dart:async-patch/async_patch.dart:298:13)
#22     _DefaultProcessUtils.stream (package:flutter_tools/src/base/process.dart)
#23     _rootRunUnary (dart:async/zone.dart:1192:38)
#24     _CustomZone.runUnary (dart:async/zone.dart:1085:19)
#25     _FutureListener.handleValue (dart:async/future_impl.dart:141:18)
#26     Future._propagateToListeners.handleValueCallback (dart:async/future_impl.dart:682:45)
#27     Future._propagateToListeners (dart:async/future_impl.dart:711:32)
#28     Future._completeWithValue (dart:async/future_impl.dart:526:5)
#29     Future._asyncComplete.<anonymous closure> (dart:async/future_impl.dart:556:7)
#30     _rootRun (dart:async/zone.dart:1184:13)
#31     _CustomZone.run (dart:async/zone.dart:1077:19)
#32     _CustomZone.runGuarded (dart:async/zone.dart:979:7)
#33     _CustomZone.bindCallbackGuarded.<anonymous closure> (dart:async/zone.dart:1019:23)
#34     _microtaskLoop (dart:async/schedule_microtask.dart:43:21)
#35     _startMicrotaskLoop (dart:async/schedule_microtask.dart:52:5)
#36     _runPendingImmediateCallback (dart:isolate-patch/isolate_patch.dart:118:13)
#37     _RawReceivePortImpl._handleMessage (dart:isolate-patch/isolate_patch.dart:169:5)
```

## flutter doctor

```
[✓] Flutter (Channel stable, v1.17.1, on Microsoft Windows [Version 10.0.19041.264], locale en-US)
    • Flutter version 1.17.1 at C:\src\flutter\flutter
    • Framework revision f7a6a7906b (3 weeks ago), 2020-05-12 18:39:00 -0700
    • Engine revision 6bc433c6b6
    • Dart version 2.8.2

[✓] Android toolchain - develop for Android devices (Android SDK version 29.0.3)
    • Android SDK at C:\Users\vinee\AppData\Local\Android\Sdk
    • Platform android-29, build-tools 29.0.3
    • ANDROID_HOME = C:\Users\vinee\AppData\Local\Android\Sdk
    • Java binary at: C:\Program Files\Android\Android Studio\jre\bin\java
    • Java version OpenJDK Runtime Environment (build 1.8.0_212-release-1586-b04)
    • All Android licenses accepted.

[✓] Android Studio (version 3.6)
    • Android Studio at C:\Program Files\Android\Android Studio
    • Flutter plugin version 45.1.1
    • Dart plugin version 192.8052
    • Java version OpenJDK Runtime Environment (build 1.8.0_212-release-1586-b04)

[✓] IntelliJ IDEA Community Edition (version 2019.2)
    • IntelliJ at C:\Program Files\JetBrains\IntelliJ IDEA Community Edition 2019.2.2
    • Flutter plugin version 43.0.2
    • Dart plugin version 192.8052

[✓] VS Code (version 1.45.1)
    • VS Code at C:\Users\vinee\AppData\Local\Programs\Microsoft VS Code
    • Flutter extension version 3.11.0

[✓] Connected device (1 available)
    • Android SDK built for x86 • emulator-5554 • android-x86 • Android 10 (API 29) (emulator)

• No issues found!
```
